2025-09-24 04:29:27,878 - INFO - ================== شروع اجرای اسکریپت (مدل مدیر پورتفولیو) ==================
2025-09-24 04:29:27,879 - INFO - --- شروع تحلیل جامع برای: EUR/USD ---
2025-09-24 04:29:27,879 - INFO - دریافت 200 کندل 4h برای EUR/USD...
2025-09-24 04:29:28,157 - INFO - دریافت 200 کندل 1h برای EUR/USD...
2025-09-24 04:29:28,388 - INFO - محاسبه اندیکاتورهای جامع و الگوهای کندل استیک...
2025-09-24 04:29:32,759 - INFO - محاسبه اندیکاتورهای جامع و الگوهای کندل استیک...
2025-09-24 04:29:32,816 - INFO - پرونده تحلیلی برای EUR/USD تهیه شد:
- **Overall Trend (4h):** UPTREND
- **Market Regime (HTF ADX):** RANGING (18.90)
- **Price vs. LTF EMAs:** Above key moving averages.
- **Momentum (LTF MACD):** Bearish
- **Strength (LTF RSI):** 50.60
- **Volatility (LTF ATR):** Normal (Value: 0.00099)
- **Recent Candlestick Pattern (LTF):** No significant pattern
- **Key Support (HTF):** 1.17628
- **Key Resistance (HTF):** 1.18198
- **Proximity to Key Levels:** Price is closer to Resistance.
2025-09-24 04:29:32,816 - INFO - ارسال پرونده تحلیلی EUR/USD به مدیر پورتفولیو (AI) برای تصمیم‌گیری نهایی...
2025-09-24 04:29:42,021 - INFO - AI پس از بررسی کامل، هیچ فرصت مناسبی برای EUR/USD پیدا نکرد.
2025-09-24 04:29:42,022 - INFO - ... تحلیل EUR/USD تمام شد. تاخیر ۱۰ ثانیه‌ای ...
2025-09-24 04:29:52,022 - INFO - --- شروع تحلیل جامع برای: GBP/USD ---
2025-09-24 04:29:52,022 - INFO - دریافت 200 کندل 4h برای GBP/USD...
2025-09-24 04:29:52,251 - INFO - دریافت 200 کندل 1h برای GBP/USD...
2025-09-24 04:29:52,479 - INFO - محاسبه اندیکاتورهای جامع و الگوهای کندل استیک...
2025-09-24 04:29:52,532 - INFO - محاسبه اندیکاتورهای جامع و الگوهای کندل استیک...
2025-09-24 04:29:52,586 - INFO - پرونده تحلیلی برای GBP/USD تهیه شد:
- **Overall Trend (4h):** DOWNTREND
- **Market Regime (HTF ADX):** RANGING (19.94)
- **Price vs. LTF EMAs:** Below key moving averages.
- **Momentum (LTF MACD):** Bearish
- **Strength (LTF RSI):** 46.18
- **Volatility (LTF ATR):** Normal (Value: 0.00103)
- **Recent Candlestick Pattern (LTF):** No significant pattern
- **Key Support (HTF):** 1.34878
- **Key Resistance (HTF):** 1.35360
- **Proximity to Key Levels:** Price is closer to Support.
2025-09-24 04:29:52,586 - INFO - ارسال پرونده تحلیلی GBP/USD به مدیر پورتفولیو (AI) برای تصمیم‌گیری نهایی...
2025-09-24 04:30:05,336 - INFO - AI پس از بررسی کامل، هیچ فرصت مناسبی برای GBP/USD پیدا نکرد.
2025-09-24 04:30:05,336 - INFO - ... تحلیل GBP/USD تمام شد. تاخیر ۱۰ ثانیه‌ای ...
2025-09-24 04:30:15,336 - INFO - --- شروع تحلیل جامع برای: USD/JPY ---
2025-09-24 04:30:15,336 - INFO - دریافت 200 کندل 4h برای USD/JPY...
2025-09-24 04:30:15,572 - INFO - دریافت 200 کندل 1h برای USD/JPY...
2025-09-24 04:30:15,809 - INFO - محاسبه اندیکاتورهای جامع و الگوهای کندل استیک...
2025-09-24 04:30:15,864 - INFO - محاسبه اندیکاتورهای جامع و الگوهای کندل استیک...
2025-09-24 04:30:15,919 - INFO - پرونده تحلیلی برای USD/JPY تهیه شد:
- **Overall Trend (4h):** UPTREND
- **Market Regime (HTF ADX):** RANGING (9.39)
- **Price vs. LTF EMAs:** Above key moving averages.
- **Momentum (LTF MACD):** Bullish
- **Strength (LTF RSI):** 61.69
- **Volatility (LTF ATR):** Normal (Value: 0.14577)
- **Recent Candlestick Pattern (LTF):** No significant pattern
- **Key Support (HTF):** 147.45599
- **Key Resistance (HTF):** 147.98300
- **Proximity to Key Levels:** Price is closer to Resistance.
2025-09-24 04:30:15,919 - INFO - ارسال پرونده تحلیلی USD/JPY به مدیر پورتفولیو (AI) برای تصمیم‌گیری نهایی...
2025-09-24 04:30:32,986 - INFO - AI پس از بررسی کامل، هیچ فرصت مناسبی برای USD/JPY پیدا نکرد.
2025-09-24 04:30:32,986 - INFO - ... تحلیل USD/JPY تمام شد. تاخیر ۱۰ ثانیه‌ای ...
2025-09-24 04:30:42,987 - INFO - --- شروع تحلیل جامع برای: USD/CHF ---
2025-09-24 04:30:42,987 - INFO - دریافت 200 کندل 4h برای USD/CHF...
2025-09-24 04:30:43,212 - INFO - دریافت 200 کندل 1h برای USD/CHF...
2025-09-24 04:30:43,427 - INFO - محاسبه اندیکاتورهای جامع و الگوهای کندل استیک...
2025-09-24 04:30:43,479 - INFO - محاسبه اندیکاتورهای جامع و الگوهای کندل استیک...
2025-09-24 04:30:43,533 - INFO - پرونده تحلیلی برای USD/CHF تهیه شد:
- **Overall Trend (4h):** DOWNTREND
- **Market Regime (HTF ADX):** RANGING (17.13)
- **Price vs. LTF EMAs:** Below key moving averages.
- **Momentum (LTF MACD):** Bullish
- **Strength (LTF RSI):** 50.76
- **Volatility (LTF ATR):** Normal (Value: 0.00087)
- **Recent Candlestick Pattern (LTF):** No significant pattern
- **Key Support (HTF):** 0.78979
- **Key Resistance (HTF):** 0.79445
- **Proximity to Key Levels:** Price is closer to Resistance.
2025-09-24 04:30:43,533 - INFO - ارسال پرونده تحلیلی USD/CHF به مدیر پورتفولیو (AI) برای تصمیم‌گیری نهایی...
2025-09-24 04:30:52,418 - INFO - AI پس از بررسی کامل، هیچ فرصت مناسبی برای USD/CHF پیدا نکرد.
2025-09-24 04:30:52,419 - INFO - ... تحلیل USD/CHF تمام شد. تاخیر ۱۰ ثانیه‌ای ...
2025-09-24 04:31:02,419 - INFO - جفت ارز AUD/USD در حافظه کش است. از تحلیل مجدد صرف‌نظر می‌شود.
2025-09-24 04:31:03,419 - INFO - --- شروع تحلیل جامع برای: GBP/JPY ---
2025-09-24 04:31:03,419 - INFO - دریافت 200 کندل 4h برای GBP/JPY...
2025-09-24 04:31:03,682 - INFO - دریافت 200 کندل 1h برای GBP/JPY...
2025-09-24 04:31:03,914 - INFO - محاسبه اندیکاتورهای جامع و الگوهای کندل استیک...
2025-09-24 04:31:03,967 - INFO - محاسبه اندیکاتورهای جامع و الگوهای کندل استیک...
2025-09-24 04:31:04,021 - INFO - پرونده تحلیلی برای GBP/JPY تهیه شد:
- **Overall Trend (4h):** DOWNTREND
- **Market Regime (HTF ADX):** RANGING (16.50)
- **Price vs. LTF EMAs:** Above key moving averages.
- **Momentum (LTF MACD):** Bullish
- **Strength (LTF RSI):** 57.17
- **Volatility (LTF ATR):** Normal (Value: 0.20143)
- **Recent Candlestick Pattern (LTF):** No significant pattern
- **Key Support (HTF):** 199.14101
- **Key Resistance (HTF):** 199.96500
- **Proximity to Key Levels:** Price is closer to Resistance.
2025-09-24 04:31:04,021 - INFO - ارسال پرونده تحلیلی GBP/JPY به مدیر پورتفولیو (AI) برای تصمیم‌گیری نهایی...
2025-09-24 04:31:22,506 - INFO - AI پس از بررسی کامل، هیچ فرصت مناسبی برای GBP/JPY پیدا نکرد.
2025-09-24 04:31:22,506 - INFO - ... تحلیل GBP/JPY تمام شد. تاخیر ۱۰ ثانیه‌ای ...
2025-09-24 04:31:32,506 - INFO - --- شروع تحلیل جامع برای: EUR/JPY ---
2025-09-24 04:31:32,506 - INFO - دریافت 200 کندل 4h برای EUR/JPY...
2025-09-24 04:31:32,757 - INFO - دریافت 200 کندل 1h برای EUR/JPY...
2025-09-24 04:31:32,998 - INFO - محاسبه اندیکاتورهای جامع و الگوهای کندل استیک...
2025-09-24 04:31:33,051 - INFO - محاسبه اندیکاتورهای جامع و الگوهای کندل استیک...
2025-09-24 04:31:33,105 - INFO - پرونده تحلیلی برای EUR/JPY تهیه شد:
- **Overall Trend (4h):** UPTREND
- **Market Regime (HTF ADX):** RANGING (16.71)
- **Price vs. LTF EMAs:** Above key moving averages.
- **Momentum (LTF MACD):** Bullish
- **Strength (LTF RSI):** 64.01
- **Volatility (LTF ATR):** Normal (Value: 0.15904)
- **Recent Candlestick Pattern (LTF):** No significant pattern
- **Key Support (HTF):** 173.97701
- **Key Resistance (HTF):** 174.59300
- **Proximity to Key Levels:** Price is closer to Resistance.
2025-09-24 04:31:33,105 - INFO - ارسال پرونده تحلیلی EUR/JPY به مدیر پورتفولیو (AI) برای تصمیم‌گیری نهایی...
2025-09-24 04:31:45,146 - INFO - AI پس از بررسی کامل، هیچ فرصت مناسبی برای EUR/JPY پیدا نکرد.
2025-09-24 04:31:45,146 - INFO - ... تحلیل EUR/JPY تمام شد. تاخیر ۱۰ ثانیه‌ای ...
2025-09-24 04:31:55,146 - INFO - --- شروع تحلیل جامع برای: AUD/JPY ---
2025-09-24 04:31:55,146 - INFO - دریافت 200 کندل 4h برای AUD/JPY...
2025-09-24 04:31:55,380 - INFO - دریافت 200 کندل 1h برای AUD/JPY...
2025-09-24 04:31:55,602 - INFO - محاسبه اندیکاتورهای جامع و الگوهای کندل استیک...
2025-09-24 04:31:55,656 - INFO - محاسبه اندیکاتورهای جامع و الگوهای کندل استیک...
2025-09-24 04:31:55,709 - INFO - پرونده تحلیلی برای AUD/JPY تهیه شد:
- **Overall Trend (4h):** DOWNTREND
- **Market Regime (HTF ADX):** TRENDING (25.05)
- **Price vs. LTF EMAs:** Above key moving averages.
- **Momentum (LTF MACD):** Bullish
- **Strength (LTF RSI):** 68.36
- **Volatility (LTF ATR):** Normal (Value: 0.14464)
- **Recent Candlestick Pattern (LTF):** No significant pattern
- **Key Support (HTF):** 97.23600
- **Key Resistance (HTF):** 97.94800
- **Proximity to Key Levels:** Price is closer to Resistance.
2025-09-24 04:31:55,709 - INFO - ارسال پرونده تحلیلی AUD/JPY به مدیر پورتفولیو (AI) برای تصمیم‌گیری نهایی...
2025-09-24 04:32:19,153 - INFO - AI یک سیگنال معاملاتی با تحلیل جامع برای AUD/JPY ایجاد کرد.
2025-09-24 04:32:19,153 - INFO - ... تحلیل AUD/JPY تمام شد. تاخیر ۱۰ ثانیه‌ای ...
2025-09-24 04:32:29,153 - INFO - جفت ارز NZD/USD در حافظه کش است. از تحلیل مجدد صرف‌نظر می‌شود.
2025-09-24 04:32:30,153 - INFO - --- شروع تحلیل جامع برای: USD/CAD ---
2025-09-24 04:32:30,153 - INFO - دریافت 200 کندل 4h برای USD/CAD...
2025-09-24 04:32:30,380 - INFO - دریافت 200 کندل 1h برای USD/CAD...
2025-09-24 04:32:30,606 - INFO - محاسبه اندیکاتورهای جامع و الگوهای کندل استیک...
2025-09-24 04:32:30,658 - INFO - محاسبه اندیکاتورهای جامع و الگوهای کندل استیک...
2025-09-24 04:32:30,790 - INFO - پرونده تحلیلی برای USD/CAD تهیه شد:
- **Overall Trend (4h):** UPTREND
- **Market Regime (HTF ADX):** TRENDING (26.82)
- **Price vs. LTF EMAs:** Above key moving averages.
- **Momentum (LTF MACD):** Bullish
- **Strength (LTF RSI):** 59.63
- **Volatility (LTF ATR):** Normal (Value: 0.00130)
- **Recent Candlestick Pattern (LTF):** Doji (Indecision)
- **Key Support (HTF):** 1.37890
- **Key Resistance (HTF):** 1.38500
- **Proximity to Key Levels:** Price is closer to Resistance.
2025-09-24 04:32:30,790 - INFO - ارسال پرونده تحلیلی USD/CAD به مدیر پورتفولیو (AI) برای تصمیم‌گیری نهایی...
2025-09-24 04:32:39,603 - INFO - AI پس از بررسی کامل، هیچ فرصت مناسبی برای USD/CAD پیدا نکرد.
2025-09-24 04:32:39,603 - INFO - ... تحلیل USD/CAD تمام شد. تاخیر ۱۰ ثانیه‌ای ...
2025-09-24 04:32:49,603 - INFO - عملیات موفقیت‌آمیز بود. 1 سیگنال نهایی در trade_signal.txt ذخیره شد.
2025-09-24 04:32:49,604 - INFO - ================== پایان اجرای اسکریپت ==================
